Using pre-set license
Built from '2020.2/staging' branch; Version is '2020.2.3f1 (8ff31bc5bf5b) revision 9433883'; Using compiler version '192528614'; Build Type 'Release'
OS: 'Windows 10 Pro; OS build 19041.867; Version 2004; 64bit' Language: 'en' Physical Memory: 16306 MB
BatchMode: 1, IsHumanControllingUs: 0, StartBugReporterOnCrash: 0, Is64bit: 1, IsPro: 0

 COMMAND LINE ARGUMENTS:
C:\Program Files\Unity\Hub\Editor\2020.2.3f1\Editor\Unity.exe
-adb2
-batchMode
-noUpm
-name
AssetImportWorker0
-projectPath
D:/Github Repositories/CIS4972_Assignment11/CIS497_Assignment11
-logFile
Logs/AssetImportWorker0.log
-srvPort
53735
Successfully changed project path to: D:/Github Repositories/CIS4972_Assignment11/CIS497_Assignment11
D:/Github Repositories/CIS4972_Assignment11/CIS497_Assignment11
Using Asset Import Pipeline V2.
Refreshing native plugins compatible for Editor in 29.81 ms, found 0 plugins.
Preloading 0 native plugins for Editor in 0.00 ms.
Initialize engine version: 2020.2.3f1 (8ff31bc5bf5b)
[Subsystems] Discovering subsystems at path C:/Program Files/Unity/Hub/Editor/2020.2.3f1/Editor/Data/Resources/UnitySubsystems
[Subsystems] Discovering subsystems at path D:/Github Repositories/CIS4972_Assignment11/CIS497_Assignment11/Assets
GfxDevice: creating device client; threaded=0
Direct3D:
    Version:  Direct3D 11.0 [level 11.1]
    Renderer: NVIDIA GeForce GTX 1070 Ti (ID=0x1b82)
    Vendor:   
    VRAM:     8079 MB
    Driver:   27.21.14.5671
Initialize mono
Mono path[0] = 'C:/Program Files/Unity/Hub/Editor/2020.2.3f1/Editor/Data/Managed'
Mono path[1] = 'C:/Program Files/Unity/Hub/Editor/2020.2.3f1/Editor/Data/MonoBleedingEdge/lib/mono/unityjit'
Mono config path = 'C:/Program Files/Unity/Hub/Editor/2020.2.3f1/Editor/Data/MonoBleedingEdge/etc'
Using monoOptions --debugger-agent=transport=dt_socket,embedding=1,server=y,suspend=n,address=127.0.0.1:56540
Begin MonoManager ReloadAssembly
Registering precompiled unity dll's ...
Register platform support module: C:/Program Files/Unity/Hub/Editor/2020.2.3f1/Editor/Data/PlaybackEngines/WebGLSupport/UnityEditor.WebGL.Extensions.dll
Register platform support module: C:/Program Files/Unity/Hub/Editor/2020.2.3f1/Editor/Data/PlaybackEngines/WindowsStandaloneSupport/UnityEditor.WindowsStandalone.Extensions.dll
Registered in 0.170940 seconds.
Native extension for WindowsStandalone target not found
Native extension for WebGL target not found
Refreshing native plugins compatible for Editor in 22.16 ms, found 0 plugins.
Preloading 0 native plugins for Editor in 0.00 ms.
Invoked RoslynAnalysisRunner static constructor.
RoslynAnalysisRunner will not be running.
RoslynAnalysisRunner has terminated.
Mono: successfully reloaded assembly
- Completed reload, in  3.970 seconds
Platform modules already initialized, skipping
Registering precompiled user dll's ...
Registered in 0.065630 seconds.
Begin MonoManager ReloadAssembly
Native extension for WindowsStandalone target not found
Native extension for WebGL target not found
Refreshing native plugins compatible for Editor in 0.16 ms, found 0 plugins.
Preloading 0 native plugins for Editor in 0.00 ms.
Invoked RoslynAnalysisRunner static constructor.
RoslynAnalysisRunner will not be running.
RoslynAnalysisRunner has terminated.
Mono: successfully reloaded assembly
- Completed reload, in  0.918 seconds
Platform modules already initialized, skipping
========================================================================
Worker process is ready to serve import requests
Launched and connected shader compiler UnityShaderCompiler.exe after 0.14 seconds
Refreshing native plugins compatible for Editor in 0.16 ms, found 0 plugins.
Preloading 0 native plugins for Editor in 0.00 ms.
Unloading 1099 Unused Serialized files (Serialized files now loaded: 0)
System memory in use before: 56.6 MB.
System memory in use after: 56.6 MB.

Unloading 10 unused Assets to reduce memory usage. Loaded Objects now: 1540.
Total: 2.162700 ms (FindLiveObjects: 0.133400 ms CreateObjectMapping: 0.079900 ms MarkObjects: 1.820400 ms  DeleteObjects: 0.128000 ms)

========================================================================
Received Import Request.
  path: Assets
  artifactKey: Guid(00000000000000001000000000000000) Importer(815301076,1909f56bfc062723c751e8b465ee728b)
Start importing Assets using Guid(00000000000000001000000000000000) Importer(815301076,1909f56bfc062723c751e8b465ee728b)  -> (artifact id: '653ce283d384579a24208b2e4d727c2a') in 0.008542 seconds
  Import took 0.021275 seconds .

========================================================================
Received Import Request.
  Time since last request: 4.052801 seconds.
  path: Assets/Scripts
  artifactKey: Guid(2515ab810101795478b8d3e857a7829d) Importer(815301076,1909f56bfc062723c751e8b465ee728b)
Start importing Assets/Scripts using Guid(2515ab810101795478b8d3e857a7829d) Importer(815301076,1909f56bfc062723c751e8b465ee728b)  -> (artifact id: '01f4e339fc4d56432b66741ff1854a30') in 0.007586 seconds
  Import took 0.009600 seconds .

========================================================================
Received Import Request.
  Time since last request: 47.057108 seconds.
  path: Assets/Scripts/Facade.cs
  artifactKey: Guid(79bf26faf8511da4aa87f32ba35432a3) Importer(815301076,1909f56bfc062723c751e8b465ee728b)
Start importing Assets/Scripts/Facade.cs using Guid(79bf26faf8511da4aa87f32ba35432a3) Importer(815301076,1909f56bfc062723c751e8b465ee728b)  -> (artifact id: '9b12f4aaf7a0e076217a100fcb8b997f') in 0.065188 seconds
  Import took 0.067022 seconds .

========================================================================
Received Import Request.
  Time since last request: 0.071826 seconds.
  path: Assets/Scripts/Facade.cs
  artifactKey: Guid(79bf26faf8511da4aa87f32ba35432a3) Importer(815301076,1909f56bfc062723c751e8b465ee728b)
Start importing Assets/Scripts/Facade.cs using Guid(79bf26faf8511da4aa87f32ba35432a3) Importer(815301076,1909f56bfc062723c751e8b465ee728b)  -> (artifact id: '9b12f4aaf7a0e076217a100fcb8b997f') in 0.003042 seconds
  Import took 0.005667 seconds .

========================================================================
Received Prepare
Registering precompiled user dll's ...
Registered in 0.000546 seconds.
Begin MonoManager ReloadAssembly
Native extension for WindowsStandalone target not found
Native extension for WebGL target not found
Refreshing native plugins compatible for Editor in 0.16 ms, found 0 plugins.
Preloading 0 native plugins for Editor in 0.00 ms.
Invoked RoslynAnalysisRunner static constructor.
RoslynAnalysisRunner will not be running.
RoslynAnalysisRunner has terminated.
Mono: successfully reloaded assembly
- Completed reload, in  0.790 seconds
Platform modules already initialized, skipping
Refreshing native plugins compatible for Editor in 0.18 ms, found 0 plugins.
Preloading 0 native plugins for Editor in 0.00 ms.
Unloading 1095 Unused Serialized files (Serialized files now loaded: 0)
System memory in use before: 56.6 MB.
System memory in use after: 56.6 MB.

Unloading 5 unused Assets to reduce memory usage. Loaded Objects now: 1543.
Total: 1.187400 ms (FindLiveObjects: 0.108300 ms CreateObjectMapping: 0.031500 ms MarkObjects: 1.005100 ms  DeleteObjects: 0.041900 ms)

========================================================================
Received Import Request.
  Time since last request: 257.053849 seconds.
  path: Assets/Scripts/PlayerController.cs
  artifactKey: Guid(ef1b964765cc5a2468dec4b5533535da) Importer(815301076,1909f56bfc062723c751e8b465ee728b)
Start importing Assets/Scripts/PlayerController.cs using Guid(ef1b964765cc5a2468dec4b5533535da) Importer(815301076,1909f56bfc062723c751e8b465ee728b)  -> (artifact id: '969c24ce7853f81af571696218203a25') in 0.013135 seconds
  Import took 0.027184 seconds .

========================================================================
Received Import Request.
  Time since last request: 0.074138 seconds.
  path: Assets/Scripts/PlayerController.cs
  artifactKey: Guid(ef1b964765cc5a2468dec4b5533535da) Importer(815301076,1909f56bfc062723c751e8b465ee728b)
Start importing Assets/Scripts/PlayerController.cs using Guid(ef1b964765cc5a2468dec4b5533535da) Importer(815301076,1909f56bfc062723c751e8b465ee728b)  -> (artifact id: '969c24ce7853f81af571696218203a25') in 0.009591 seconds
  Import took 0.014356 seconds .

========================================================================
Received Prepare
Registering precompiled user dll's ...
Registered in 0.000454 seconds.
Begin MonoManager ReloadAssembly
Native extension for WindowsStandalone target not found
Native extension for WebGL target not found
Refreshing native plugins compatible for Editor in 0.16 ms, found 0 plugins.
Preloading 0 native plugins for Editor in 0.00 ms.
Invoked RoslynAnalysisRunner static constructor.
RoslynAnalysisRunner will not be running.
RoslynAnalysisRunner has terminated.
Mono: successfully reloaded assembly
- Completed reload, in  0.836 seconds
Platform modules already initialized, skipping
Refreshing native plugins compatible for Editor in 0.16 ms, found 0 plugins.
Preloading 0 native plugins for Editor in 0.00 ms.
Unloading 1096 Unused Serialized files (Serialized files now loaded: 0)
System memory in use before: 56.6 MB.
System memory in use after: 56.7 MB.

Unloading 5 unused Assets to reduce memory usage. Loaded Objects now: 1546.
Total: 1.861500 ms (FindLiveObjects: 0.104800 ms CreateObjectMapping: 0.030200 ms MarkObjects: 1.622000 ms  DeleteObjects: 0.103300 ms)

========================================================================
Received Import Request.
  Time since last request: 8.587336 seconds.
  path: Assets/Scripts/Fridge.cs
  artifactKey: Guid(e19c06f85b4d9d5478b768c4c2fa6d42) Importer(815301076,1909f56bfc062723c751e8b465ee728b)
Start importing Assets/Scripts/Fridge.cs using Guid(e19c06f85b4d9d5478b768c4c2fa6d42) Importer(815301076,1909f56bfc062723c751e8b465ee728b)  -> (artifact id: '047e2958097d6589ef2bba4bab7e51d7') in 0.014697 seconds
  Import took 0.021000 seconds .

========================================================================
Received Prepare
Registering precompiled user dll's ...
Registered in 0.000759 seconds.
Begin MonoManager ReloadAssembly
Native extension for WindowsStandalone target not found
Native extension for WebGL target not found
Refreshing native plugins compatible for Editor in 0.16 ms, found 0 plugins.
Preloading 0 native plugins for Editor in 0.00 ms.
Invoked RoslynAnalysisRunner static constructor.
RoslynAnalysisRunner will not be running.
RoslynAnalysisRunner has terminated.
Mono: successfully reloaded assembly
- Completed reload, in  0.831 seconds
Platform modules already initialized, skipping
Refreshing native plugins compatible for Editor in 0.15 ms, found 0 plugins.
Preloading 0 native plugins for Editor in 0.00 ms.
Unloading 1097 Unused Serialized files (Serialized files now loaded: 0)
System memory in use before: 56.7 MB.
System memory in use after: 56.7 MB.

Unloading 5 unused Assets to reduce memory usage. Loaded Objects now: 1549.
Total: 1.557500 ms (FindLiveObjects: 0.099800 ms CreateObjectMapping: 0.031100 ms MarkObjects: 1.385200 ms  DeleteObjects: 0.040500 ms)

========================================================================
Received Import Request.
  Time since last request: 22.464865 seconds.
  path: Assets/Scripts/Stove.cs
  artifactKey: Guid(96aa4ef7e5fcb3444b893f38c6c6558d) Importer(815301076,1909f56bfc062723c751e8b465ee728b)
Start importing Assets/Scripts/Stove.cs using Guid(96aa4ef7e5fcb3444b893f38c6c6558d) Importer(815301076,1909f56bfc062723c751e8b465ee728b)  -> (artifact id: '2b8a97a3007ff2c5aa175a3a499b9b21') in 0.008094 seconds
  Import took 0.032230 seconds .

========================================================================
Received Prepare
Registering precompiled user dll's ...
Registered in 0.000464 seconds.
Begin MonoManager ReloadAssembly
Native extension for WindowsStandalone target not found
Native extension for WebGL target not found
Refreshing native plugins compatible for Editor in 0.20 ms, found 0 plugins.
Preloading 0 native plugins for Editor in 0.00 ms.
Invoked RoslynAnalysisRunner static constructor.
RoslynAnalysisRunner will not be running.
RoslynAnalysisRunner has terminated.
Mono: successfully reloaded assembly
- Completed reload, in  0.773 seconds
Platform modules already initialized, skipping
Refreshing native plugins compatible for Editor in 0.15 ms, found 0 plugins.
Preloading 0 native plugins for Editor in 0.00 ms.
Unloading 1098 Unused Serialized files (Serialized files now loaded: 0)
System memory in use before: 56.7 MB.
System memory in use after: 56.8 MB.

Unloading 5 unused Assets to reduce memory usage. Loaded Objects now: 1552.
Total: 1.462900 ms (FindLiveObjects: 0.117600 ms CreateObjectMapping: 0.032500 ms MarkObjects: 1.269900 ms  DeleteObjects: 0.041500 ms)

========================================================================
Received Import Request.
  Time since last request: 10.801617 seconds.
  path: Assets/Scripts/Sink.cs
  artifactKey: Guid(1b9a836099812404fa62b798da2d5a0a) Importer(815301076,1909f56bfc062723c751e8b465ee728b)
Start importing Assets/Scripts/Sink.cs using Guid(1b9a836099812404fa62b798da2d5a0a) Importer(815301076,1909f56bfc062723c751e8b465ee728b)  -> (artifact id: '1be426339ba50eee7b4da0861ac7b369') in 0.009681 seconds
  Import took 0.011304 seconds .

========================================================================
Received Prepare
Registering precompiled user dll's ...
Registered in 0.000462 seconds.
Begin MonoManager ReloadAssembly
Native extension for WindowsStandalone target not found
Native extension for WebGL target not found
Refreshing native plugins compatible for Editor in 0.17 ms, found 0 plugins.
Preloading 0 native plugins for Editor in 0.00 ms.
Invoked RoslynAnalysisRunner static constructor.
RoslynAnalysisRunner will not be running.
RoslynAnalysisRunner has terminated.
Mono: successfully reloaded assembly
- Completed reload, in  0.789 seconds
Platform modules already initialized, skipping
Refreshing native plugins compatible for Editor in 0.17 ms, found 0 plugins.
Preloading 0 native plugins for Editor in 0.00 ms.
Unloading 1099 Unused Serialized files (Serialized files now loaded: 0)
System memory in use before: 56.7 MB.
System memory in use after: 56.8 MB.

Unloading 5 unused Assets to reduce memory usage. Loaded Objects now: 1555.
Total: 2.134100 ms (FindLiveObjects: 0.245000 ms CreateObjectMapping: 0.038500 ms MarkObjects: 1.764500 ms  DeleteObjects: 0.084700 ms)

========================================================================
Received Prepare
Registering precompiled user dll's ...
Registered in 0.000832 seconds.
Begin MonoManager ReloadAssembly
Native extension for WindowsStandalone target not found
Native extension for WebGL target not found
Refreshing native plugins compatible for Editor in 0.19 ms, found 0 plugins.
Preloading 0 native plugins for Editor in 0.00 ms.
Invoked RoslynAnalysisRunner static constructor.
RoslynAnalysisRunner will not be running.
RoslynAnalysisRunner has terminated.
Mono: successfully reloaded assembly
- Completed reload, in  0.912 seconds
Platform modules already initialized, skipping
Refreshing native plugins compatible for Editor in 0.17 ms, found 0 plugins.
Preloading 0 native plugins for Editor in 0.00 ms.
Unloading 1099 Unused Serialized files (Serialized files now loaded: 0)
System memory in use before: 56.7 MB.
System memory in use after: 56.8 MB.

Unloading 5 unused Assets to reduce memory usage. Loaded Objects now: 1557.
Total: 1.483300 ms (FindLiveObjects: 0.109300 ms CreateObjectMapping: 0.083200 ms MarkObjects: 1.224500 ms  DeleteObjects: 0.065400 ms)

========================================================================
Received Import Request.
  Time since last request: 7197.396943 seconds.
  path: Assets/Scripts/Stove.cs
  artifactKey: Guid(96aa4ef7e5fcb3444b893f38c6c6558d) Importer(815301076,1909f56bfc062723c751e8b465ee728b)
Start importing Assets/Scripts/Stove.cs using Guid(96aa4ef7e5fcb3444b893f38c6c6558d) Importer(815301076,1909f56bfc062723c751e8b465ee728b)  -> (artifact id: '08e6283f8587db7eede6ab6cd1b75f8b') in 0.008015 seconds
  Import took 0.028515 seconds .

========================================================================
Received Import Request.
  Time since last request: 35.144858 seconds.
  path: Assets/Scripts/Facade.cs
  artifactKey: Guid(79bf26faf8511da4aa87f32ba35432a3) Importer(815301076,1909f56bfc062723c751e8b465ee728b)
Start importing Assets/Scripts/Facade.cs using Guid(79bf26faf8511da4aa87f32ba35432a3) Importer(815301076,1909f56bfc062723c751e8b465ee728b)  -> (artifact id: '9385e097410f313a2072f75574ce4b24') in 0.009744 seconds
  Import took 0.022974 seconds .

========================================================================
Received Prepare
Registering precompiled user dll's ...
Registered in 0.000469 seconds.
Begin MonoManager ReloadAssembly
Native extension for WindowsStandalone target not found
Native extension for WebGL target not found
Refreshing native plugins compatible for Editor in 0.20 ms, found 0 plugins.
Preloading 0 native plugins for Editor in 0.00 ms.
Invoked RoslynAnalysisRunner static constructor.
RoslynAnalysisRunner will not be running.
RoslynAnalysisRunner has terminated.
Mono: successfully reloaded assembly
- Completed reload, in  0.902 seconds
Platform modules already initialized, skipping
Refreshing native plugins compatible for Editor in 0.15 ms, found 0 plugins.
Preloading 0 native plugins for Editor in 0.00 ms.
Unloading 1099 Unused Serialized files (Serialized files now loaded: 0)
System memory in use before: 56.7 MB.
System memory in use after: 56.8 MB.

Unloading 5 unused Assets to reduce memory usage. Loaded Objects now: 1559.
Total: 1.327200 ms (FindLiveObjects: 0.100700 ms CreateObjectMapping: 0.029500 ms MarkObjects: 1.156200 ms  DeleteObjects: 0.040100 ms)

========================================================================
Received Prepare
Registering precompiled user dll's ...
Registered in 0.000493 seconds.
Begin MonoManager ReloadAssembly
Native extension for WindowsStandalone target not found
Native extension for WebGL target not found
Refreshing native plugins compatible for Editor in 0.16 ms, found 0 plugins.
Preloading 0 native plugins for Editor in 0.00 ms.
Invoked RoslynAnalysisRunner static constructor.
RoslynAnalysisRunner will not be running.
RoslynAnalysisRunner has terminated.
Mono: successfully reloaded assembly
- Completed reload, in  0.886 seconds
Platform modules already initialized, skipping
Refreshing native plugins compatible for Editor in 0.16 ms, found 0 plugins.
Preloading 0 native plugins for Editor in 0.00 ms.
Unloading 1099 Unused Serialized files (Serialized files now loaded: 0)
System memory in use before: 56.7 MB.
System memory in use after: 56.8 MB.

Unloading 5 unused Assets to reduce memory usage. Loaded Objects now: 1561.
Total: 3.137900 ms (FindLiveObjects: 0.100200 ms CreateObjectMapping: 0.029500 ms MarkObjects: 2.942200 ms  DeleteObjects: 0.063400 ms)

========================================================================
Received Prepare
Registering precompiled user dll's ...
Registered in 0.000482 seconds.
Begin MonoManager ReloadAssembly
Native extension for WindowsStandalone target not found
Native extension for WebGL target not found
Refreshing native plugins compatible for Editor in 0.19 ms, found 0 plugins.
Preloading 0 native plugins for Editor in 0.00 ms.
Invoked RoslynAnalysisRunner static constructor.
RoslynAnalysisRunner will not be running.
RoslynAnalysisRunner has terminated.
Mono: successfully reloaded assembly
- Completed reload, in  1.001 seconds
Platform modules already initialized, skipping
Refreshing native plugins compatible for Editor in 0.29 ms, found 0 plugins.
Preloading 0 native plugins for Editor in 0.00 ms.
Unloading 1099 Unused Serialized files (Serialized files now loaded: 0)
System memory in use before: 56.7 MB.
System memory in use after: 56.8 MB.

Unloading 5 unused Assets to reduce memory usage. Loaded Objects now: 1563.
Total: 2.569400 ms (FindLiveObjects: 0.101300 ms CreateObjectMapping: 0.028700 ms MarkObjects: 2.394300 ms  DeleteObjects: 0.043800 ms)

========================================================================
Received Prepare
Registering precompiled user dll's ...
Registered in 0.001493 seconds.
Begin MonoManager ReloadAssembly
Native extension for WindowsStandalone target not found
Native extension for WebGL target not found
Refreshing native plugins compatible for Editor in 0.25 ms, found 0 plugins.
Preloading 0 native plugins for Editor in 0.00 ms.
Invoked RoslynAnalysisRunner static constructor.
RoslynAnalysisRunner will not be running.
RoslynAnalysisRunner has terminated.
Mono: successfully reloaded assembly
- Completed reload, in  1.264 seconds
Platform modules already initialized, skipping
Refreshing native plugins compatible for Editor in 0.16 ms, found 0 plugins.
Preloading 0 native plugins for Editor in 0.00 ms.
Unloading 1099 Unused Serialized files (Serialized files now loaded: 0)
System memory in use before: 56.7 MB.
System memory in use after: 56.8 MB.

Unloading 5 unused Assets to reduce memory usage. Loaded Objects now: 1565.
Total: 1.519800 ms (FindLiveObjects: 0.106000 ms CreateObjectMapping: 0.030100 ms MarkObjects: 1.333800 ms  DeleteObjects: 0.049100 ms)

========================================================================
Received Prepare
Registering precompiled user dll's ...
Registered in 0.000505 seconds.
Begin MonoManager ReloadAssembly
Native extension for WindowsStandalone target not found
Native extension for WebGL target not found
Refreshing native plugins compatible for Editor in 0.16 ms, found 0 plugins.
Preloading 0 native plugins for Editor in 0.00 ms.
Invoked RoslynAnalysisRunner static constructor.
RoslynAnalysisRunner will not be running.
RoslynAnalysisRunner has terminated.
Mono: successfully reloaded assembly
- Completed reload, in  1.244 seconds
Platform modules already initialized, skipping
Refreshing native plugins compatible for Editor in 0.72 ms, found 0 plugins.
Preloading 0 native plugins for Editor in 0.00 ms.
Unloading 1099 Unused Serialized files (Serialized files now loaded: 0)
System memory in use before: 56.7 MB.
System memory in use after: 56.8 MB.

Unloading 5 unused Assets to reduce memory usage. Loaded Objects now: 1567.
Total: 1.891700 ms (FindLiveObjects: 0.130500 ms CreateObjectMapping: 0.048800 ms MarkObjects: 1.671800 ms  DeleteObjects: 0.039300 ms)

========================================================================
Received Prepare
Registering precompiled user dll's ...
Registered in 0.000767 seconds.
Begin MonoManager ReloadAssembly
Native extension for WindowsStandalone target not found
Native extension for WebGL target not found
Refreshing native plugins compatible for Editor in 0.16 ms, found 0 plugins.
Preloading 0 native plugins for Editor in 0.00 ms.
Invoked RoslynAnalysisRunner static constructor.
RoslynAnalysisRunner will not be running.
RoslynAnalysisRunner has terminated.
Mono: successfully reloaded assembly
- Completed reload, in  0.806 seconds
Platform modules already initialized, skipping
Refreshing native plugins compatible for Editor in 0.15 ms, found 0 plugins.
Preloading 0 native plugins for Editor in 0.00 ms.
Unloading 1099 Unused Serialized files (Serialized files now loaded: 0)
System memory in use before: 56.8 MB.
System memory in use after: 56.9 MB.

Unloading 5 unused Assets to reduce memory usage. Loaded Objects now: 1569.
Total: 1.235300 ms (FindLiveObjects: 0.103300 ms CreateObjectMapping: 0.028700 ms MarkObjects: 1.064300 ms  DeleteObjects: 0.037900 ms)

========================================================================
Received Import Request.
  Time since last request: 804.599388 seconds.
  path: Assets/Scripts/UIManager.cs
  artifactKey: Guid(93df941ffe4b68f45a97f9b84f4fbaaf) Importer(815301076,1909f56bfc062723c751e8b465ee728b)
Start importing Assets/Scripts/UIManager.cs using Guid(93df941ffe4b68f45a97f9b84f4fbaaf) Importer(815301076,1909f56bfc062723c751e8b465ee728b)  -> (artifact id: '50da02de00915df78ddb1db34426bc25') in 0.022627 seconds
  Import took 0.025595 seconds .

========================================================================
Received Prepare
Registering precompiled user dll's ...
Registered in 0.000966 seconds.
Begin MonoManager ReloadAssembly
Native extension for WindowsStandalone target not found
Native extension for WebGL target not found
Refreshing native plugins compatible for Editor in 0.22 ms, found 0 plugins.
Preloading 0 native plugins for Editor in 0.00 ms.
Invoked RoslynAnalysisRunner static constructor.
RoslynAnalysisRunner will not be running.
RoslynAnalysisRunner has terminated.
Mono: successfully reloaded assembly
- Completed reload, in  1.401 seconds
Platform modules already initialized, skipping
Refreshing native plugins compatible for Editor in 0.22 ms, found 0 plugins.
Preloading 0 native plugins for Editor in 0.00 ms.
Unloading 1100 Unused Serialized files (Serialized files now loaded: 0)
System memory in use before: 56.8 MB.
System memory in use after: 56.9 MB.

Unloading 5 unused Assets to reduce memory usage. Loaded Objects now: 1572.
Total: 1.967500 ms (FindLiveObjects: 0.277700 ms CreateObjectMapping: 0.032100 ms MarkObjects: 1.610200 ms  DeleteObjects: 0.046000 ms)

========================================================================
Received Import Request.
  Time since last request: 67.046457 seconds.
  path: Assets/Scripts/Singleton.cs
  artifactKey: Guid(8c86e601379e53a4b8c1380741d401a5) Importer(815301076,1909f56bfc062723c751e8b465ee728b)
Start importing Assets/Scripts/Singleton.cs using Guid(8c86e601379e53a4b8c1380741d401a5) Importer(815301076,1909f56bfc062723c751e8b465ee728b)  -> (artifact id: 'a5836c19d4bd6cb4654cfccdb1532686') in 0.015250 seconds
  Import took 0.041295 seconds .

========================================================================
Received Prepare
Registering precompiled user dll's ...
Registered in 0.002416 seconds.
Begin MonoManager ReloadAssembly
Native extension for WindowsStandalone target not found
Native extension for WebGL target not found
Refreshing native plugins compatible for Editor in 0.17 ms, found 0 plugins.
Preloading 0 native plugins for Editor in 0.00 ms.
Invoked RoslynAnalysisRunner static constructor.
RoslynAnalysisRunner will not be running.
RoslynAnalysisRunner has terminated.
Mono: successfully reloaded assembly
- Completed reload, in  1.231 seconds
Platform modules already initialized, skipping
Refreshing native plugins compatible for Editor in 0.16 ms, found 0 plugins.
Preloading 0 native plugins for Editor in 0.00 ms.
Unloading 1101 Unused Serialized files (Serialized files now loaded: 0)
System memory in use before: 56.8 MB.
System memory in use after: 56.9 MB.

Unloading 5 unused Assets to reduce memory usage. Loaded Objects now: 1575.
Total: 2.168400 ms (FindLiveObjects: 0.105100 ms CreateObjectMapping: 0.030000 ms MarkObjects: 1.987800 ms  DeleteObjects: 0.043900 ms)

========================================================================
Received Prepare
Registering precompiled user dll's ...
Registered in 0.000545 seconds.
Begin MonoManager ReloadAssembly
Native extension for WindowsStandalone target not found
Native extension for WebGL target not found
Refreshing native plugins compatible for Editor in 0.16 ms, found 0 plugins.
Preloading 0 native plugins for Editor in 0.00 ms.
Invoked RoslynAnalysisRunner static constructor.
RoslynAnalysisRunner will not be running.
RoslynAnalysisRunner has terminated.
Mono: successfully reloaded assembly
- Completed reload, in  0.909 seconds
Platform modules already initialized, skipping
Refreshing native plugins compatible for Editor in 0.16 ms, found 0 plugins.
Preloading 0 native plugins for Editor in 0.00 ms.
Unloading 1101 Unused Serialized files (Serialized files now loaded: 0)
System memory in use before: 56.9 MB.
System memory in use after: 56.9 MB.

Unloading 5 unused Assets to reduce memory usage. Loaded Objects now: 1577.
Total: 1.210900 ms (FindLiveObjects: 0.112600 ms CreateObjectMapping: 0.033400 ms MarkObjects: 1.024100 ms  DeleteObjects: 0.040000 ms)

========================================================================
Received Import Request.
  Time since last request: 836.806280 seconds.
  path: Assets/Scripts/Singleton.cs
  artifactKey: Guid(8c86e601379e53a4b8c1380741d401a5) Importer(815301076,1909f56bfc062723c751e8b465ee728b)
Start importing Assets/Scripts/Singleton.cs using Guid(8c86e601379e53a4b8c1380741d401a5) Importer(815301076,1909f56bfc062723c751e8b465ee728b)  -> (artifact id: '6fe1c749c42bdb59db4b41b4f534be63') in 0.007738 seconds
  Import took 0.009264 seconds .

========================================================================
Received Prepare
Registering precompiled user dll's ...
Registered in 0.000625 seconds.
Begin MonoManager ReloadAssembly
Native extension for WindowsStandalone target not found
Native extension for WebGL target not found
Refreshing native plugins compatible for Editor in 1.58 ms, found 0 plugins.
Preloading 0 native plugins for Editor in 0.00 ms.
Invoked RoslynAnalysisRunner static constructor.
RoslynAnalysisRunner will not be running.
RoslynAnalysisRunner has terminated.
Mono: successfully reloaded assembly
- Completed reload, in  1.420 seconds
Platform modules already initialized, skipping
Refreshing native plugins compatible for Editor in 0.16 ms, found 0 plugins.
Preloading 0 native plugins for Editor in 0.00 ms.
Unloading 1101 Unused Serialized files (Serialized files now loaded: 0)
System memory in use before: 56.9 MB.
System memory in use after: 56.9 MB.

Unloading 5 unused Assets to reduce memory usage. Loaded Objects now: 1579.
Total: 1.663000 ms (FindLiveObjects: 0.110500 ms CreateObjectMapping: 0.037600 ms MarkObjects: 1.469700 ms  DeleteObjects: 0.043600 ms)

========================================================================
Received Prepare
Registering precompiled user dll's ...
Registered in 0.000481 seconds.
Begin MonoManager ReloadAssembly
Native extension for WindowsStandalone target not found
Native extension for WebGL target not found
Refreshing native plugins compatible for Editor in 0.17 ms, found 0 plugins.
Preloading 0 native plugins for Editor in 0.00 ms.
Invoked RoslynAnalysisRunner static constructor.
RoslynAnalysisRunner will not be running.
RoslynAnalysisRunner has terminated.
Mono: successfully reloaded assembly
- Completed reload, in  0.808 seconds
Platform modules already initialized, skipping
Refreshing native plugins compatible for Editor in 0.17 ms, found 0 plugins.
Preloading 0 native plugins for Editor in 0.00 ms.
Unloading 1101 Unused Serialized files (Serialized files now loaded: 0)
System memory in use before: 56.9 MB.
System memory in use after: 56.9 MB.

Unloading 5 unused Assets to reduce memory usage. Loaded Objects now: 1581.
Total: 1.426500 ms (FindLiveObjects: 0.107200 ms CreateObjectMapping: 0.031300 ms MarkObjects: 1.225000 ms  DeleteObjects: 0.062000 ms)

========================================================================
Received Prepare
Registering precompiled user dll's ...
Registered in 0.000491 seconds.
Begin MonoManager ReloadAssembly
Native extension for WindowsStandalone target not found
Native extension for WebGL target not found
Refreshing native plugins compatible for Editor in 0.19 ms, found 0 plugins.
Preloading 0 native plugins for Editor in 0.00 ms.
Invoked RoslynAnalysisRunner static constructor.
RoslynAnalysisRunner will not be running.
RoslynAnalysisRunner has terminated.
Mono: successfully reloaded assembly
- Completed reload, in  0.933 seconds
Platform modules already initialized, skipping
Refreshing native plugins compatible for Editor in 0.17 ms, found 0 plugins.
Preloading 0 native plugins for Editor in 0.00 ms.
Unloading 1101 Unused Serialized files (Serialized files now loaded: 0)
System memory in use before: 56.9 MB.
System memory in use after: 56.9 MB.

Unloading 5 unused Assets to reduce memory usage. Loaded Objects now: 1583.
Total: 3.347400 ms (FindLiveObjects: 0.104600 ms CreateObjectMapping: 0.028900 ms MarkObjects: 3.095300 ms  DeleteObjects: 0.117500 ms)

========================================================================
Received Prepare
Registering precompiled user dll's ...
Registered in 0.000512 seconds.
Begin MonoManager ReloadAssembly
Native extension for WindowsStandalone target not found
Native extension for WebGL target not found
Refreshing native plugins compatible for Editor in 0.16 ms, found 0 plugins.
Preloading 0 native plugins for Editor in 0.00 ms.
Invoked RoslynAnalysisRunner static constructor.
RoslynAnalysisRunner will not be running.
RoslynAnalysisRunner has terminated.
Mono: successfully reloaded assembly
- Completed reload, in  0.985 seconds
Platform modules already initialized, skipping
Refreshing native plugins compatible for Editor in 0.16 ms, found 0 plugins.
Preloading 0 native plugins for Editor in 0.00 ms.
Unloading 1101 Unused Serialized files (Serialized files now loaded: 0)
System memory in use before: 56.9 MB.
System memory in use after: 56.9 MB.

Unloading 5 unused Assets to reduce memory usage. Loaded Objects now: 1585.
Total: 1.372200 ms (FindLiveObjects: 0.120600 ms CreateObjectMapping: 0.038600 ms MarkObjects: 1.170500 ms  DeleteObjects: 0.041600 ms)

========================================================================
Received Prepare
Registering precompiled user dll's ...
Registered in 0.000652 seconds.
Begin MonoManager ReloadAssembly
Native extension for WindowsStandalone target not found
Native extension for WebGL target not found
Refreshing native plugins compatible for Editor in 0.19 ms, found 0 plugins.
Preloading 0 native plugins for Editor in 0.00 ms.
Invoked RoslynAnalysisRunner static constructor.
RoslynAnalysisRunner will not be running.
RoslynAnalysisRunner has terminated.
Mono: successfully reloaded assembly
- Completed reload, in  0.957 seconds
Platform modules already initialized, skipping
Refreshing native plugins compatible for Editor in 0.16 ms, found 0 plugins.
Preloading 0 native plugins for Editor in 0.00 ms.
Unloading 1101 Unused Serialized files (Serialized files now loaded: 0)
System memory in use before: 56.9 MB.
System memory in use after: 57.0 MB.

Unloading 5 unused Assets to reduce memory usage. Loaded Objects now: 1587.
Total: 1.479700 ms (FindLiveObjects: 0.105900 ms CreateObjectMapping: 0.030000 ms MarkObjects: 1.280100 ms  DeleteObjects: 0.062300 ms)

========================================================================
Received Prepare
Registering precompiled user dll's ...
Registered in 0.000595 seconds.
Begin MonoManager ReloadAssembly
Native extension for WindowsStandalone target not found
Native extension for WebGL target not found
Refreshing native plugins compatible for Editor in 0.16 ms, found 0 plugins.
Preloading 0 native plugins for Editor in 0.00 ms.
Invoked RoslynAnalysisRunner static constructor.
RoslynAnalysisRunner will not be running.
RoslynAnalysisRunner has terminated.
Mono: successfully reloaded assembly
- Completed reload, in  0.876 seconds
Platform modules already initialized, skipping
Refreshing native plugins compatible for Editor in 0.23 ms, found 0 plugins.
Preloading 0 native plugins for Editor in 0.00 ms.
Unloading 1101 Unused Serialized files (Serialized files now loaded: 0)
System memory in use before: 56.9 MB.
System memory in use after: 57.0 MB.

Unloading 5 unused Assets to reduce memory usage. Loaded Objects now: 1589.
Total: 1.426200 ms (FindLiveObjects: 0.113100 ms CreateObjectMapping: 0.031500 ms MarkObjects: 1.218800 ms  DeleteObjects: 0.061600 ms)

========================================================================
Received Prepare
Registering precompiled user dll's ...
Registered in 0.000481 seconds.
Begin MonoManager ReloadAssembly
Native extension for WindowsStandalone target not found
Native extension for WebGL target not found
Refreshing native plugins compatible for Editor in 0.17 ms, found 0 plugins.
Preloading 0 native plugins for Editor in 0.00 ms.
Invoked RoslynAnalysisRunner static constructor.
RoslynAnalysisRunner will not be running.
RoslynAnalysisRunner has terminated.
Mono: successfully reloaded assembly
- Completed reload, in  0.815 seconds
Platform modules already initialized, skipping
Refreshing native plugins compatible for Editor in 0.17 ms, found 0 plugins.
Preloading 0 native plugins for Editor in 0.00 ms.
Unloading 1101 Unused Serialized files (Serialized files now loaded: 0)
System memory in use before: 56.9 MB.
System memory in use after: 57.0 MB.

Unloading 5 unused Assets to reduce memory usage. Loaded Objects now: 1591.
Total: 1.706400 ms (FindLiveObjects: 0.119000 ms CreateObjectMapping: 0.035900 ms MarkObjects: 1.453700 ms  DeleteObjects: 0.095600 ms)

========================================================================
Received Prepare
Registering precompiled user dll's ...
Registered in 0.000463 seconds.
Begin MonoManager ReloadAssembly
Native extension for WindowsStandalone target not found
Native extension for WebGL target not found
Refreshing native plugins compatible for Editor in 0.16 ms, found 0 plugins.
Preloading 0 native plugins for Editor in 0.00 ms.
Invoked RoslynAnalysisRunner static constructor.
RoslynAnalysisRunner will not be running.
RoslynAnalysisRunner has terminated.
Mono: successfully reloaded assembly
- Completed reload, in  1.278 seconds
Platform modules already initialized, skipping
Refreshing native plugins compatible for Editor in 0.24 ms, found 0 plugins.
Preloading 0 native plugins for Editor in 0.00 ms.
Unloading 1101 Unused Serialized files (Serialized files now loaded: 0)
System memory in use before: 56.9 MB.
System memory in use after: 57.0 MB.

Unloading 5 unused Assets to reduce memory usage. Loaded Objects now: 1593.
Total: 3.134400 ms (FindLiveObjects: 0.122600 ms CreateObjectMapping: 0.037300 ms MarkObjects: 2.931700 ms  DeleteObjects: 0.041600 ms)

========================================================================
Received Prepare
Registering precompiled user dll's ...
Registered in 0.000965 seconds.
Begin MonoManager ReloadAssembly
Native extension for WindowsStandalone target not found
Native extension for WebGL target not found
Refreshing native plugins compatible for Editor in 0.35 ms, found 0 plugins.
Preloading 0 native plugins for Editor in 0.00 ms.
Invoked RoslynAnalysisRunner static constructor.
RoslynAnalysisRunner will not be running.
RoslynAnalysisRunner has terminated.
Mono: successfully reloaded assembly
- Completed reload, in  1.801 seconds
Platform modules already initialized, skipping
Refreshing native plugins compatible for Editor in 0.34 ms, found 0 plugins.
Preloading 0 native plugins for Editor in 0.00 ms.
Unloading 1101 Unused Serialized files (Serialized files now loaded: 0)
System memory in use before: 56.9 MB.
System memory in use after: 57.0 MB.

Unloading 5 unused Assets to reduce memory usage. Loaded Objects now: 1595.
Total: 1.472300 ms (FindLiveObjects: 0.107500 ms CreateObjectMapping: 0.032900 ms MarkObjects: 1.292700 ms  DeleteObjects: 0.038300 ms)

========================================================================
Received Prepare
Registering precompiled user dll's ...
Registered in 0.000518 seconds.
Begin MonoManager ReloadAssembly
Native extension for WindowsStandalone target not found
Native extension for WebGL target not found
Refreshing native plugins compatible for Editor in 0.26 ms, found 0 plugins.
Preloading 0 native plugins for Editor in 0.00 ms.
Invoked RoslynAnalysisRunner static constructor.
RoslynAnalysisRunner will not be running.
RoslynAnalysisRunner has terminated.
Mono: successfully reloaded assembly
- Completed reload, in  0.922 seconds
Platform modules already initialized, skipping
Refreshing native plugins compatible for Editor in 0.23 ms, found 0 plugins.
Preloading 0 native plugins for Editor in 0.00 ms.
Unloading 1101 Unused Serialized files (Serialized files now loaded: 0)
System memory in use before: 56.9 MB.
System memory in use after: 57.0 MB.

Unloading 5 unused Assets to reduce memory usage. Loaded Objects now: 1597.
Total: 2.176400 ms (FindLiveObjects: 0.171800 ms CreateObjectMapping: 0.040800 ms MarkObjects: 1.911500 ms  DeleteObjects: 0.050700 ms)

========================================================================
Received Prepare
Registering precompiled user dll's ...
Registered in 0.000867 seconds.
Begin MonoManager ReloadAssembly
Native extension for WindowsStandalone target not found
Native extension for WebGL target not found
Refreshing native plugins compatible for Editor in 0.19 ms, found 0 plugins.
Preloading 0 native plugins for Editor in 0.00 ms.
Invoked RoslynAnalysisRunner static constructor.
RoslynAnalysisRunner will not be running.
RoslynAnalysisRunner has terminated.
Mono: successfully reloaded assembly
- Completed reload, in  0.876 seconds
Platform modules already initialized, skipping
Refreshing native plugins compatible for Editor in 0.19 ms, found 0 plugins.
Preloading 0 native plugins for Editor in 0.00 ms.
Unloading 1101 Unused Serialized files (Serialized files now loaded: 0)
System memory in use before: 56.9 MB.
System memory in use after: 57.0 MB.

Unloading 5 unused Assets to reduce memory usage. Loaded Objects now: 1599.
Total: 1.521200 ms (FindLiveObjects: 0.165300 ms CreateObjectMapping: 0.037200 ms MarkObjects: 1.274200 ms  DeleteObjects: 0.043100 ms)

========================================================================
Received Prepare
Registering precompiled user dll's ...
Registered in 0.000671 seconds.
Begin MonoManager ReloadAssembly
Native extension for WindowsStandalone target not found
Native extension for WebGL target not found
Refreshing native plugins compatible for Editor in 0.21 ms, found 0 plugins.
Preloading 0 native plugins for Editor in 0.00 ms.
Invoked RoslynAnalysisRunner static constructor.
RoslynAnalysisRunner will not be running.
RoslynAnalysisRunner has terminated.
Mono: successfully reloaded assembly
- Completed reload, in  0.966 seconds
Platform modules already initialized, skipping
Refreshing native plugins compatible for Editor in 0.16 ms, found 0 plugins.
Preloading 0 native plugins for Editor in 0.00 ms.
Unloading 1101 Unused Serialized files (Serialized files now loaded: 0)
System memory in use before: 56.9 MB.
System memory in use after: 57.0 MB.

Unloading 5 unused Assets to reduce memory usage. Loaded Objects now: 1601.
Total: 1.850400 ms (FindLiveObjects: 0.118800 ms CreateObjectMapping: 0.029400 ms MarkObjects: 1.661400 ms  DeleteObjects: 0.039600 ms)

========================================================================
Received Prepare
Registering precompiled user dll's ...
Registered in 0.000622 seconds.
Begin MonoManager ReloadAssembly
Native extension for WindowsStandalone target not found
Native extension for WebGL target not found
Refreshing native plugins compatible for Editor in 0.20 ms, found 0 plugins.
Preloading 0 native plugins for Editor in 0.00 ms.
Invoked RoslynAnalysisRunner static constructor.
RoslynAnalysisRunner will not be running.
RoslynAnalysisRunner has terminated.
Mono: successfully reloaded assembly
- Completed reload, in  0.926 seconds
Platform modules already initialized, skipping
Refreshing native plugins compatible for Editor in 0.16 ms, found 0 plugins.
Preloading 0 native plugins for Editor in 0.00 ms.
Unloading 1101 Unused Serialized files (Serialized files now loaded: 0)
System memory in use before: 56.9 MB.
System memory in use after: 57.0 MB.

Unloading 5 unused Assets to reduce memory usage. Loaded Objects now: 1603.
Total: 1.210800 ms (FindLiveObjects: 0.102200 ms CreateObjectMapping: 0.028600 ms MarkObjects: 1.039700 ms  DeleteObjects: 0.039500 ms)

========================================================================
Received Import Request.
  Time since last request: 1648.637515 seconds.
  path: Assets/Scripts/PlayerController.cs
  artifactKey: Guid(ef1b964765cc5a2468dec4b5533535da) Importer(815301076,1909f56bfc062723c751e8b465ee728b)
Start importing Assets/Scripts/PlayerController.cs using Guid(ef1b964765cc5a2468dec4b5533535da) Importer(815301076,1909f56bfc062723c751e8b465ee728b)  -> (artifact id: 'c10f1b50dc9453d297152ac218239fbf') in 0.006276 seconds
  Import took 0.007790 seconds .

========================================================================
Received Import Request.
  Time since last request: 28.734448 seconds.
  path: Assets/Scripts/Facade.cs
  artifactKey: Guid(79bf26faf8511da4aa87f32ba35432a3) Importer(815301076,1909f56bfc062723c751e8b465ee728b)
Start importing Assets/Scripts/Facade.cs using Guid(79bf26faf8511da4aa87f32ba35432a3) Importer(815301076,1909f56bfc062723c751e8b465ee728b)  -> (artifact id: '034250dcf1dbd59e7c4708d3a4a5077a') in 0.012221 seconds
  Import took 0.013995 seconds .

========================================================================
Received Prepare
Registering precompiled user dll's ...
Registered in 0.000525 seconds.
Begin MonoManager ReloadAssembly
Native extension for WindowsStandalone target not found
Native extension for WebGL target not found
Refreshing native plugins compatible for Editor in 0.16 ms, found 0 plugins.
Preloading 0 native plugins for Editor in 0.00 ms.
Invoked RoslynAnalysisRunner static constructor.
RoslynAnalysisRunner will not be running.
RoslynAnalysisRunner has terminated.
Mono: successfully reloaded assembly
- Completed reload, in  0.751 seconds
Platform modules already initialized, skipping
Refreshing native plugins compatible for Editor in 0.15 ms, found 0 plugins.
Preloading 0 native plugins for Editor in 0.00 ms.
Unloading 1101 Unused Serialized files (Serialized files now loaded: 0)
System memory in use before: 56.9 MB.
System memory in use after: 57.0 MB.

Unloading 5 unused Assets to reduce memory usage. Loaded Objects now: 1605.
Total: 1.590800 ms (FindLiveObjects: 0.354200 ms CreateObjectMapping: 0.039000 ms MarkObjects: 1.135000 ms  DeleteObjects: 0.061700 ms)

========================================================================
Received Import Request.
  Time since last request: 380.791606 seconds.
  path: Assets/Scripts/Facade.cs
  artifactKey: Guid(79bf26faf8511da4aa87f32ba35432a3) Importer(815301076,1909f56bfc062723c751e8b465ee728b)
Start importing Assets/Scripts/Facade.cs using Guid(79bf26faf8511da4aa87f32ba35432a3) Importer(815301076,1909f56bfc062723c751e8b465ee728b)  -> (artifact id: '99897bb0e19e9c8251994753ac515669') in 0.006213 seconds
  Import took 0.007740 seconds .

========================================================================
Received Prepare
Registering precompiled user dll's ...
Registered in 0.000767 seconds.
Begin MonoManager ReloadAssembly
Native extension for WindowsStandalone target not found
Native extension for WebGL target not found
Refreshing native plugins compatible for Editor in 0.23 ms, found 0 plugins.
Preloading 0 native plugins for Editor in 0.00 ms.
Invoked RoslynAnalysisRunner static constructor.
RoslynAnalysisRunner will not be running.
RoslynAnalysisRunner has terminated.
Mono: successfully reloaded assembly
- Completed reload, in  0.881 seconds
Platform modules already initialized, skipping
Refreshing native plugins compatible for Editor in 0.20 ms, found 0 plugins.
Preloading 0 native plugins for Editor in 0.00 ms.
Unloading 1101 Unused Serialized files (Serialized files now loaded: 0)
System memory in use before: 56.9 MB.
System memory in use after: 57.0 MB.

Unloading 5 unused Assets to reduce memory usage. Loaded Objects now: 1607.
Total: 1.555900 ms (FindLiveObjects: 0.109700 ms CreateObjectMapping: 0.069600 ms MarkObjects: 1.333600 ms  DeleteObjects: 0.041900 ms)

========================================================================
Received Prepare
Registering precompiled user dll's ...
Registered in 0.000531 seconds.
Begin MonoManager ReloadAssembly
Native extension for WindowsStandalone target not found
Native extension for WebGL target not found
Refreshing native plugins compatible for Editor in 0.18 ms, found 0 plugins.
Preloading 0 native plugins for Editor in 0.00 ms.
Invoked RoslynAnalysisRunner static constructor.
RoslynAnalysisRunner will not be running.
RoslynAnalysisRunner has terminated.
Mono: successfully reloaded assembly
- Completed reload, in  0.891 seconds
Platform modules already initialized, skipping
Refreshing native plugins compatible for Editor in 0.18 ms, found 0 plugins.
Preloading 0 native plugins for Editor in 0.00 ms.
Unloading 1101 Unused Serialized files (Serialized files now loaded: 0)
System memory in use before: 56.9 MB.
System memory in use after: 57.0 MB.

Unloading 5 unused Assets to reduce memory usage. Loaded Objects now: 1609.
Total: 1.422900 ms (FindLiveObjects: 0.111300 ms CreateObjectMapping: 0.033300 ms MarkObjects: 1.231700 ms  DeleteObjects: 0.045700 ms)

========================================================================
Received Prepare
Registering precompiled user dll's ...
Registered in 0.000498 seconds.
Begin MonoManager ReloadAssembly
Native extension for WindowsStandalone target not found
Native extension for WebGL target not found
Refreshing native plugins compatible for Editor in 0.16 ms, found 0 plugins.
Preloading 0 native plugins for Editor in 0.00 ms.
Invoked RoslynAnalysisRunner static constructor.
RoslynAnalysisRunner will not be running.
RoslynAnalysisRunner has terminated.
Mono: successfully reloaded assembly
- Completed reload, in  1.043 seconds
Platform modules already initialized, skipping
Refreshing native plugins compatible for Editor in 0.16 ms, found 0 plugins.
Preloading 0 native plugins for Editor in 0.00 ms.
Unloading 1101 Unused Serialized files (Serialized files now loaded: 0)
System memory in use before: 56.9 MB.
System memory in use after: 57.0 MB.

Unloading 5 unused Assets to reduce memory usage. Loaded Objects now: 1611.
Total: 1.481100 ms (FindLiveObjects: 0.105800 ms CreateObjectMapping: 0.029900 ms MarkObjects: 1.302300 ms  DeleteObjects: 0.041900 ms)

========================================================================
Received Prepare
Refreshing native plugins compatible for Editor in 0.57 ms, found 0 plugins.
Preloading 0 native plugins for Editor in 0.00 ms.
Unloading 3 Unused Serialized files (Serialized files now loaded: 0)
System memory in use before: 35.2 MB.
System memory in use after: 35.3 MB.

Unloading 3 unused Assets to reduce memory usage. Loaded Objects now: 1611.
Total: 1.615700 ms (FindLiveObjects: 0.119200 ms CreateObjectMapping: 0.033000 ms MarkObjects: 1.418300 ms  DeleteObjects: 0.043800 ms)

========================================================================
Received Prepare
Refreshing native plugins compatible for Editor in 0.65 ms, found 0 plugins.
Preloading 0 native plugins for Editor in 0.00 ms.
Unloading 3 Unused Serialized files (Serialized files now loaded: 0)
System memory in use before: 35.2 MB.
System memory in use after: 35.3 MB.

Unloading 3 unused Assets to reduce memory usage. Loaded Objects now: 1611.
Total: 1.738800 ms (FindLiveObjects: 0.111300 ms CreateObjectMapping: 0.030700 ms MarkObjects: 1.553300 ms  DeleteObjects: 0.042200 ms)

